<?xml version="1.0" encoding="UTF-8"?>
<testsuite xmlns:xsi="http://www.w3.org/2001/XMLSchema-instance" xsi:noNamespaceSchemaLocation="https://maven.apache.org/surefire/maven-surefire-plugin/xsd/surefire-test-report-3.0.xsd" version="3.0" name="RegistrationServiceTest" time="0.765" tests="3" errors="0" skipped="0" failures="0">
  <properties>
[...]
</properties>
  <testcase name="registerStudentSuccesfullyTest" classname="RegistrationServiceTest" time="0.702">
    <system-out><![CDATA[17:33:11 [main] INFO  com.plataforma.service.RegistrationService - RegistrationService Initialized
17:33:11 [main] INFO  com.plataforma.service.RegistrationService - The Student: paquito has been registered succesfully: python intermedium
17:33:11 [main] INFO  com.plataforma.service.RegistrationService - The Student: paquito has been registered succesfully: spring security
17:33:11 [main] INFO  com.plataforma.service.RegistrationService - The Student: paquito has been registered succesfully: java basic
]]></system-out>
  </testcase>
  <testcase name="listRegistrationsByStudentTest" classname="RegistrationServiceTest" time="0.007">
    <system-out><![CDATA[17:33:11 [main] INFO  com.plataforma.service.RegistrationService - RegistrationService Initialized
17:33:11 [main] INFO  com.plataforma.service.RegistrationService - The Student: paquito has been registered succesfully: spring security
17:33:11 [main] INFO  com.plataforma.service.RegistrationService - The Student: paquito has been registered succesfully: java basic
17:33:11 [main] INFO  com.plataforma.service.RegistrationService - The Student: juanito has been registered succesfully: spring security
]]></system-out>
  </testcase>
  <testcase name="registrationCourseFullTest" classname="RegistrationServiceTest" time="0.009">
    <system-out><![CDATA[17:33:11 [main] INFO  com.plataforma.service.RegistrationService - RegistrationService Initialized
17:33:11 [main] INFO  com.plataforma.service.RegistrationService - The Student: paquito has been registered succesfully: java basic
17:33:11 [main] WARN  com.plataforma.service.RegistrationService - The course: java basic is full
]]></system-out>
  </testcase>
</testsuite>